::1 - - [19/Jun/2021:09:28:46 +0000] "GET /songs HTTP/1.1" 200 145993 "-" "PostmanRuntime/7.28.0"
::1 - - [19/Jun/2021:10:34:21 +0000] "GET /albums HTTP/1.1" 200 52 "-" "PostmanRuntime/7.28.0"
::1 - - [19/Jun/2021:10:34:29 +0000] "GET /users HTTP/1.1" 200 118 "-" "PostmanRuntime/7.28.0"
::1 - - [19/Jun/2021:10:34:37 +0000] "GET /artists HTTP/1.1" 200 13395 "-" "PostmanRuntime/7.28.0"
::1 - - [19/Jun/2021:11:00:14 +0000] "GET /songs HTTP/1.1" 200 146993 "-" "PostmanRuntime/7.28.0"
::1 - - [19/Jun/2021:11:01:18 +0000] "GET / HTTP/1.1" 200 1701040 "-" "PostmanRuntime/7.28.0"
::1 - - [19/Jun/2021:11:04:34 +0000] "GET /songs HTTP/1.1" 200 146993 "-" "PostmanRuntime/7.28.0"
::1 - - [19/Jun/2021:11:06:56 +0000] "GET /artists HTTP/1.1" 200 13395 "-" "PostmanRuntime/7.28.0"
::1 - - [19/Jun/2021:11:07:40 +0000] "GET /songs HTTP/1.1" 200 146993 "-" "PostmanRuntime/7.28.0"
::1 - - [19/Jun/2021:11:11:05 +0000] "GET /artists/Taylor-Swift HTTP/1.1" 200 13 "-" "PostmanRuntime/7.28.0"
::ffff:127.0.0.1 - - [19/Jun/2021:11:11:33 +0000] "GET /artists/Taylor-Swift HTTP/1.1" 200 13 "-" "PostmanRuntime/7.28.0"
::ffff:127.0.0.1 - - [19/Jun/2021:11:11:36 +0000] "GET /artists/Taylor-Swift HTTP/1.1" 200 13 "-" "PostmanRuntime/7.28.0"
::1 - - [19/Jun/2021:11:12:08 +0000] "GET /artists HTTP/1.1" 200 13395 "-" "PostmanRuntime/7.28.0"
::1 - - [19/Jun/2021:11:12:19 +0000] "GET /artists/Taylor-Swift HTTP/1.1" 200 13 "-" "PostmanRuntime/7.28.0"
::1 - - [19/Jun/2021:11:12:43 +0000] "GET /songs HTTP/1.1" 200 146993 "-" "PostmanRuntime/7.28.0"
::1 - - [19/Jun/2021:11:12:51 +0000] "GET /artist HTTP/1.1" 200 34 "-" "PostmanRuntime/7.28.0"
::1 - - [19/Jun/2021:11:12:52 +0000] "GET /artists HTTP/1.1" 200 13395 "-" "PostmanRuntime/7.28.0"
::1 - - [19/Jun/2021:11:12:58 +0000] "GET /artists/jack39 HTTP/1.1" 500 106 "-" "PostmanRuntime/7.28.0"
::1 - - [19/Jun/2021:11:14:18 +0000] "GET /artists/jack39/slugs HTTP/1.1" 500 51 "-" "PostmanRuntime/7.28.0"
::ffff:127.0.0.1 - - [19/Jun/2021:11:14:40 +0000] "GET /artists/jack39/slugs HTTP/1.1" 200 13 "-" "PostmanRuntime/7.28.0"
::ffff:127.0.0.1 - - [19/Jun/2021:11:14:43 +0000] "GET /artists/jack39/slugs HTTP/1.1" 200 13 "-" "PostmanRuntime/7.28.0"
::ffff:127.0.0.1 - - [19/Jun/2021:11:15:42 +0000] "GET /artists/jack39/slugs HTTP/1.1" 200 672 "-" "PostmanRuntime/7.28.0"
::1 - - [19/Jun/2021:11:16:02 +0000] "GET /songs HTTP/1.1" 200 146993 "-" "PostmanRuntime/7.28.0"
::1 - - [19/Jun/2021:11:16:24 +0000] "GET /artists/Taylor-Swift/slugs HTTP/1.1" 200 676 "-" "PostmanRuntime/7.28.0"
::1 - - [19/Jun/2021:11:20:55 +0000] "GET /artists/songs HTTP/1.1" 500 105 "-" "PostmanRuntime/7.28.0"
::1 - - [19/Jun/2021:11:21:02 +0000] "GET /songs HTTP/1.1" 200 146993 "-" "PostmanRuntime/7.28.0"
::1 - - [19/Jun/2021:11:23:34 +0000] "GET /songs HTTP/1.1" 200 34 "-" "PostmanRuntime/7.28.0"
::1 - - [19/Jun/2021:11:23:39 +0000] "GET /api/songs HTTP/1.1" 200 146993 "-" "PostmanRuntime/7.28.0"
::1 - - [19/Jun/2021:11:35:40 +0000] "GET /api/home HTTP/1.1" 200 34 "-" "PostmanRuntime/7.28.0"
::1 - - [19/Jun/2021:11:35:53 +0000] "GET /api HTTP/1.1" 200 117326 "-" "PostmanRuntime/7.28.0"
::1 - - [19/Jun/2021:11:46:33 +0000] "GET /api HTTP/1.1" 200 1108789 "-" "PostmanRuntime/7.28.0"
::1 - - [19/Jun/2021:13:02:14 +0000] "GET /api HTTP/1.1" 200 1108789 "-" "PostmanRuntime/7.28.0"
::1 - - [19/Jun/2021:13:02:20 +0000] "GET /api HTTP/1.1" 200 2217379 "-" "PostmanRuntime/7.28.0"
::1 - - [19/Jun/2021:13:02:28 +0000] "GET /api HTTP/1.1" 200 3325969 "-" "PostmanRuntime/7.28.0"
::1 - - [19/Jun/2021:13:03:15 +0000] "GET /api HTTP/1.1" 200 4434559 "-" "PostmanRuntime/7.28.0"
::1 - - [19/Jun/2021:13:04:03 +0000] "GET /api HTTP/1.1" 200 117326 "-" "PostmanRuntime/7.28.0"
::1 - - [19/Jun/2021:13:04:14 +0000] "GET /api HTTP/1.1" 200 234453 "-" "PostmanRuntime/7.28.0"
::ffff:127.0.0.1 - - [19/Jun/2021:13:04:37 +0000] "GET /api HTTP/1.1" 200 117326 "-" "PostmanRuntime/7.28.0"
::1 - - [19/Jun/2021:13:05:01 +0000] "GET /api HTTP/1.1" 200 234453 "-" "PostmanRuntime/7.28.0"
